0 info it worked if it ends with ok
1 verbose cli [ 'D:\\Program Files\\nodejs\\node.exe',
1 verbose cli   'D:\\Program Files\\nodejs\\node_modules\\npm\\bin\\npm-cli.js',
1 verbose cli   'install',
1 verbose cli   'child_process',
1 verbose cli   '--save' ]
2 info using npm@2.14.7
3 info using node@v4.2.2
4 verbose install initial load of E:\workspace\node-worksapce\websocket\package.json
5 warn package.json websocket@1.0.0 No description
6 warn package.json websocket@1.0.0 No repository field.
7 warn package.json websocket@1.0.0 No README data
8 verbose installManyTop reading scoped package data from E:\workspace\node-worksapce\websocket\node_modules\socket.io\package.json
9 verbose installManyTop reading scoped package data from E:\workspace\node-worksapce\websocket\node_modules\socket.io-client\package.json
10 verbose installManyTop reading scoped package data from E:\workspace\node-worksapce\websocket\node_modules\ssh2\package.json
11 info package.json socket.io@1.3.7 No license field.
12 info package.json ssh2@0.4.12 No license field.
13 verbose readDependencies loading dependencies from E:\workspace\node-worksapce\websocket\package.json
14 silly cache add args [ 'child_process', null ]
15 verbose cache add spec child_process
16 silly cache add parsed spec Result {
16 silly cache add   raw: 'child_process',
16 silly cache add   scope: null,
16 silly cache add   name: 'child_process',
16 silly cache add   rawSpec: '',
16 silly cache add   spec: '*',
16 silly cache add   type: 'range' }
17 silly addNamed child_process@*
18 verbose addNamed "*" is a valid semver range for child_process
19 silly addNameRange { name: 'child_process', range: '*', hasData: false }
20 silly mapToRegistry name child_process
21 silly mapToRegistry using default registry
22 silly mapToRegistry registry https://registry.npmjs.org/
23 silly mapToRegistry uri https://registry.npmjs.org/child_process
24 verbose addNameRange registry:https://registry.npmjs.org/child_process not in flight; fetching
25 verbose request uri https://registry.npmjs.org/child_process
26 verbose request no auth needed
27 info attempt registry request try #1 at 16:07:32
28 verbose request id 97ac92a659fdcc45
29 http request GET https://registry.npmjs.org/child_process
30 http 404 https://registry.npmjs.org/child_process
31 verbose headers { 'content-type': 'application/json',
31 verbose headers   'cache-control': 'max-age=0',
31 verbose headers   'content-length': '2',
31 verbose headers   'accept-ranges': 'bytes',
31 verbose headers   date: 'Mon, 30 Nov 2015 08:07:42 GMT',
31 verbose headers   via: '1.1 varnish',
31 verbose headers   age: '0',
31 verbose headers   connection: 'keep-alive',
31 verbose headers   'x-served-by': 'cache-lhr6331-LHR',
31 verbose headers   'x-cache': 'MISS',
31 verbose headers   'x-cache-hits': '0',
31 verbose headers   'x-timer': 'S1448870862.435544,VS0,VE92' }
32 silly get cb [ 404,
32 silly get   { 'content-type': 'application/json',
32 silly get     'cache-control': 'max-age=0',
32 silly get     'content-length': '2',
32 silly get     'accept-ranges': 'bytes',
32 silly get     date: 'Mon, 30 Nov 2015 08:07:42 GMT',
32 silly get     via: '1.1 varnish',
32 silly get     age: '0',
32 silly get     connection: 'keep-alive',
32 silly get     'x-served-by': 'cache-lhr6331-LHR',
32 silly get     'x-cache': 'MISS',
32 silly get     'x-cache-hits': '0',
32 silly get     'x-timer': 'S1448870862.435544,VS0,VE92' } ]
33 verbose stack Error: Registry returned 404 for GET on https://registry.npmjs.org/child_process
33 verbose stack     at makeError (D:\Program Files\nodejs\node_modules\npm\node_modules\npm-registry-client\lib\request.js:264:12)
33 verbose stack     at CachingRegistryClient.<anonymous> (D:\Program Files\nodejs\node_modules\npm\node_modules\npm-registry-client\lib\request.js:242:14)
33 verbose stack     at Request._callback (D:\Program Files\nodejs\node_modules\npm\node_modules\npm-registry-client\lib\request.js:172:14)
33 verbose stack     at Request.self.callback (D:\Program Files\nodejs\node_modules\npm\node_modules\request\request.js:198:22)
33 verbose stack     at emitTwo (events.js:87:13)
33 verbose stack     at Request.emit (events.js:172:7)
33 verbose stack     at Request.<anonymous> (D:\Program Files\nodejs\node_modules\npm\node_modules\request\request.js:1063:14)
33 verbose stack     at emitOne (events.js:82:20)
33 verbose stack     at Request.emit (events.js:169:7)
33 verbose stack     at IncomingMessage.<anonymous> (D:\Program Files\nodejs\node_modules\npm\node_modules\request\request.js:1009:12)
34 verbose statusCode 404
35 verbose pkgid child_process
36 verbose cwd E:\workspace\node-worksapce\websocket
37 error Windows_NT 6.1.7601
38 error argv "D:\\Program Files\\nodejs\\node.exe" "D:\\Program Files\\nodejs\\node_modules\\npm\\bin\\npm-cli.js" "install" "child_process" "--save"
39 error node v4.2.2
40 error npm  v2.14.7
41 error code E404
42 error 404 Registry returned 404 for GET on https://registry.npmjs.org/child_process
42 error 404
42 error 404 'child_process' is not in the npm registry.
42 error 404 Your package name is not valid, because
42 error 404
42 error 404  1. child_process is a core module name
42 error 404 It was specified as a dependency of 'websocket'
42 error 404
42 error 404 Note that you can also install from a
42 error 404 tarball, folder, http url, or git url.
43 verbose exit [ 1, true ]
